<?xml version="1.0" encoding="UTF-8"?>
<testsuite name="anyakar.externalsort.ConsoleParamsTest" tests="1" skipped="0" failures="0" errors="0" timestamp="2022-02-20T12:52:33" hostname="MacBook-Air-Ana.local" time="0.01">
  <properties/>
  <testcase name="shouldParseArgs()" classname="anyakar.externalsort.ConsoleParamsTest" time="0.01"/>
  <system-out><![CDATA[]]></system-out>
  <system-err><![CDATA[]]></system-err>
</testsuite>
